============================================================
  Generated by:           Genus(TM) Synthesis Solution 19.12-s121_1
  Generated on:           Jan 26 2023  03:33:56 pm
  Module:                 fifo1_sramb
  Technology libraries:   saed32io_wb_ss0p95v125c_2p25v 
                          saed32sramlp_ss0p75v125c_i0p75v 1.0000000
                          saed32pll_ss0p95v125c_2p25v 
                          saed32rvt_ss0p95v125c 1.0000000
  Operating conditions:   _nominal_ (balanced_tree)
  Wireload mode:          enclosed
  Area mode:              timing library
============================================================

Timing
--------

 Clock Period 
--------------
rclk    800.0 
wclk    800.0 
wclk2x  400.0 


  Cost    Critical           Violating 
 Group   Path Slack   TNS      Paths   
---------------------------------------
default    No paths     0.0            
INPUTS        417.7     0.0          0 
OUTPUTS        25.2     0.0          0 
rclk          -15.1   -15.1          1 
wclk            0.0     0.0          0 
wclk2x     No paths     0.0            
---------------------------------------
Total                 -15.1          1 

Instance Count
--------------
Leaf Instance Count             497 
Physical Instance count           0 
Sequential Instance Count       104 
Combinational Instance Count    393 
Hierarchical Instance Count       5 

Area
----
Cell Area                          511385.175
Physical Cell Area                 0.000
Total Cell Area (Cell+Physical)    511385.175
Net Area                           0.000
Total Area (Cell+Physical+Net)     511385.175

Max Fanout                         72 (fifomem/n_27)
Min Fanout                         0 (io_b_wrst_n_net)
Average Fanout                     2.6
Terms to net ratio                 4.1113
Terms to instance ratio            4.3099
Runtime                            207.283819 seconds
Elapsed Runtime                    677 seconds
Genus peak memory usage            1415.17 
Innovus peak memory usage          no_value 
Hostname                           mo.ece.pdx.edu
