
Information: Checking generated_clocks...

Information: Checking loops...

Information: Checking no_input_delay...

Information: Checking unconstrained_endpoints...

Information: Checking pulse_clock_cell_type...

Information: Checking no_driving_cell...

Information: Checking partial_input_delay...
Warning: there are 10 input ports that only have partial input delay specified. (TIM-212)
--------------------
wdata_in[7]
wdata_in[6]
wdata_in[5]
wdata_in[4]
wdata_in[3]
wdata_in[2]
wdata_in[1]
wdata_in[0]
winc
rinc
1
