 
****************************************
Report : constraint
        -all_violators
Design : fifo1_sramb
Version: Q-2019.12-SP3
Date   : Thu Jan 26 23:02:53 2023
****************************************


   max_delay/setup ('INPUTS' group)

                             Required        Actual
   Endpoint                 Path Delay     Path Delay        Slack
   -----------------------------------------------------------------
   rptr_empty/rempty_reg/D      1.67           1.74 r        -0.07  (VIOLATED)
   wptr_full/wfull_reg/D        1.66           1.73 r        -0.07  (VIOLATED)
   wdata_reg_0_/D               1.22           1.25 r        -0.03  (VIOLATED)
   wdata_reg_1_/D               1.22           1.25 r        -0.03  (VIOLATED)
   wdata_reg_2_/D               1.22           1.25 r        -0.03  (VIOLATED)
   wdata_reg_3_/D               1.22           1.25 r        -0.03  (VIOLATED)
   wdata_reg_4_/D               1.22           1.25 r        -0.03  (VIOLATED)
   wdata_reg_5_/D               1.22           1.25 r        -0.03  (VIOLATED)
   wdata_reg_6_/D               1.22           1.25 r        -0.03  (VIOLATED)
   rptr_empty/rptr_reg_8_/D     1.66           1.68 r        -0.02  (VIOLATED)
   rptr_empty/rptr_reg_9_/D     1.66           1.68 r        -0.02  (VIOLATED)
   wptr_full/wptr_reg_9_/D      1.66           1.67 r        -0.01  (VIOLATED)


   max_delay/setup ('OUTPUTS' group)

                             Required        Actual
   Endpoint                 Path Delay     Path Delay        Slack
   -----------------------------------------------------------------
   rdata[0]                     2.69           2.81 f        -0.12  (VIOLATED)
   rdata[1]                     2.69           2.81 f        -0.12  (VIOLATED)
   rdata[2]                     2.69           2.81 f        -0.12  (VIOLATED)
   rdata[3]                     2.69           2.81 f        -0.12  (VIOLATED)
   rdata[4]                     2.69           2.81 f        -0.12  (VIOLATED)
   rdata[5]                     2.69           2.81 f        -0.12  (VIOLATED)
   rdata[6]                     2.69           2.81 f        -0.12  (VIOLATED)
   rdata[7]                     2.69           2.81 f        -0.12  (VIOLATED)
   rempty                       2.69           2.71 f        -0.02  (VIOLATED)


   max_delay/setup ('rclk' group)

                             Required        Actual
   Endpoint                 Path Delay     Path Delay        Slack
   -----------------------------------------------------------------
   rptr_empty/rempty_reg/D      1.67           1.74 r        -0.08  (VIOLATED)
   rptr_empty/rptr_reg_8_/D     1.66           1.68 r        -0.02  (VIOLATED)
   rptr_empty/rptr_reg_9_/D     1.66           1.67 r        -0.01  (VIOLATED)


   max_delay/setup ('wclk' group)

                             Required        Actual
   Endpoint                 Path Delay     Path Delay        Slack
   -----------------------------------------------------------------
   wptr_full/wfull_reg/D        1.66           1.68 r        -0.02  (VIOLATED)


   min_delay/hold ('rclk' group)

                             Required        Actual
   Endpoint                 Path Delay     Path Delay        Slack
   -----------------------------------------------------------------
   fifomem/genblk1_0__U/A2[5]
                                1.36           1.17 f        -0.18  (VIOLATED)
   fifomem/genblk1_1__U/A2[5]
                                1.36           1.17 f        -0.18  (VIOLATED)
   fifomem/genblk1_2__U/A2[5]
                                1.36           1.17 f        -0.18  (VIOLATED)
   fifomem/genblk1_3__U/A2[5]
                                1.36           1.17 f        -0.18  (VIOLATED)
   fifomem/genblk1_4__U/A2[5]
                                1.36           1.17 f        -0.18  (VIOLATED)
   fifomem/genblk1_5__U/A2[5]
                                1.36           1.17 f        -0.18  (VIOLATED)
   fifomem/genblk1_6__U/A2[5]
                                1.36           1.17 f        -0.18  (VIOLATED)
   fifomem/genblk1_7__U/A2[5]
                                1.36           1.17 f        -0.18  (VIOLATED)
   fifomem/genblk1_0__U/A2[0]
                                1.37           1.20 f        -0.17  (VIOLATED)
   fifomem/genblk1_1__U/A2[0]
                                1.37           1.20 f        -0.17  (VIOLATED)
   fifomem/genblk1_2__U/A2[0]
                                1.37           1.20 f        -0.17  (VIOLATED)
   fifomem/genblk1_3__U/A2[0]
                                1.37           1.20 f        -0.17  (VIOLATED)
   fifomem/genblk1_4__U/A2[0]
                                1.37           1.20 f        -0.17  (VIOLATED)
   fifomem/genblk1_5__U/A2[0]
                                1.37           1.20 f        -0.17  (VIOLATED)
   fifomem/genblk1_6__U/A2[0]
                                1.37           1.20 f        -0.17  (VIOLATED)
   fifomem/genblk1_7__U/A2[0]
                                1.37           1.20 f        -0.17  (VIOLATED)
   fifomem/genblk1_0__U/A2[3]
                                1.37           1.20 f        -0.16  (VIOLATED)
   fifomem/genblk1_1__U/A2[3]
                                1.37           1.20 f        -0.16  (VIOLATED)
   fifomem/genblk1_2__U/A2[3]
                                1.37           1.20 f        -0.16  (VIOLATED)
   fifomem/genblk1_3__U/A2[3]
                                1.37           1.20 f        -0.16  (VIOLATED)
   fifomem/genblk1_4__U/A2[3]
                                1.37           1.20 f        -0.16  (VIOLATED)
   fifomem/genblk1_5__U/A2[3]
                                1.37           1.20 f        -0.16  (VIOLATED)
   fifomem/genblk1_6__U/A2[3]
                                1.37           1.20 f        -0.16  (VIOLATED)
   fifomem/genblk1_7__U/A2[3]
                                1.37           1.20 f        -0.16  (VIOLATED)
   fifomem/genblk1_0__U/A2[1]
                                1.37           1.21 f        -0.16  (VIOLATED)
   fifomem/genblk1_1__U/A2[1]
                                1.37           1.21 f        -0.16  (VIOLATED)
   fifomem/genblk1_2__U/A2[1]
                                1.37           1.21 f        -0.16  (VIOLATED)
   fifomem/genblk1_3__U/A2[1]
                                1.37           1.21 f        -0.16  (VIOLATED)
   fifomem/genblk1_4__U/A2[1]
                                1.37           1.21 f        -0.16  (VIOLATED)
   fifomem/genblk1_5__U/A2[1]
                                1.37           1.21 f        -0.16  (VIOLATED)
   fifomem/genblk1_6__U/A2[1]
                                1.37           1.21 f        -0.16  (VIOLATED)
   fifomem/genblk1_7__U/A2[1]
                                1.37           1.21 f        -0.16  (VIOLATED)
   fifomem/genblk1_0__U/A2[4]
                                1.36           1.21 f        -0.15  (VIOLATED)
   fifomem/genblk1_1__U/A2[4]
                                1.36           1.21 f        -0.15  (VIOLATED)
   fifomem/genblk1_2__U/A2[4]
                                1.36           1.21 f        -0.15  (VIOLATED)
   fifomem/genblk1_3__U/A2[4]
                                1.36           1.21 f        -0.15  (VIOLATED)
   fifomem/genblk1_4__U/A2[4]
                                1.36           1.21 f        -0.15  (VIOLATED)
   fifomem/genblk1_5__U/A2[4]
                                1.36           1.21 f        -0.15  (VIOLATED)
   fifomem/genblk1_6__U/A2[4]
                                1.36           1.21 f        -0.15  (VIOLATED)
   fifomem/genblk1_7__U/A2[4]
                                1.36           1.21 f        -0.15  (VIOLATED)
   fifomem/genblk1_0__U/A2[6]
                                1.36           1.22 f        -0.14  (VIOLATED)
   fifomem/genblk1_1__U/A2[6]
                                1.36           1.22 f        -0.14  (VIOLATED)
   fifomem/genblk1_2__U/A2[6]
                                1.36           1.22 f        -0.14  (VIOLATED)
   fifomem/genblk1_3__U/A2[6]
                                1.36           1.22 f        -0.14  (VIOLATED)
   fifomem/genblk1_4__U/A2[6]
                                1.36           1.22 f        -0.14  (VIOLATED)
   fifomem/genblk1_5__U/A2[6]
                                1.36           1.22 f        -0.14  (VIOLATED)
   fifomem/genblk1_6__U/A2[6]
                                1.36           1.22 f        -0.14  (VIOLATED)
   fifomem/genblk1_7__U/A2[6]
                                1.36           1.22 f        -0.14  (VIOLATED)
   fifomem/genblk1_0__U/A2[2]
                                1.37           1.24 f        -0.13  (VIOLATED)
   fifomem/genblk1_1__U/A2[2]
                                1.37           1.24 f        -0.13  (VIOLATED)
   fifomem/genblk1_2__U/A2[2]
                                1.37           1.24 f        -0.13  (VIOLATED)
   fifomem/genblk1_3__U/A2[2]
                                1.37           1.24 f        -0.13  (VIOLATED)
   fifomem/genblk1_4__U/A2[2]
                                1.37           1.24 f        -0.13  (VIOLATED)
   fifomem/genblk1_5__U/A2[2]
                                1.37           1.24 f        -0.13  (VIOLATED)
   fifomem/genblk1_6__U/A2[2]
                                1.37           1.24 f        -0.13  (VIOLATED)
   fifomem/genblk1_7__U/A2[2]
                                1.37           1.24 f        -0.13  (VIOLATED)


   min_delay/hold ('wclk' group)

                             Required        Actual
   Endpoint                 Path Delay     Path Delay        Slack
   -----------------------------------------------------------------
   fifomem/genblk1_0__U/I1[7]
                                1.36           1.16 f        -0.20  (VIOLATED)
   fifomem/genblk1_1__U/I1[7]
                                1.36           1.16 f        -0.20  (VIOLATED)
   fifomem/genblk1_2__U/I1[7]
                                1.36           1.16 f        -0.20  (VIOLATED)
   fifomem/genblk1_3__U/I1[7]
                                1.36           1.16 f        -0.20  (VIOLATED)
   fifomem/genblk1_4__U/I1[7]
                                1.36           1.16 f        -0.20  (VIOLATED)
   fifomem/genblk1_5__U/I1[7]
                                1.36           1.16 f        -0.20  (VIOLATED)
   fifomem/genblk1_6__U/I1[7]
                                1.36           1.16 f        -0.20  (VIOLATED)
   fifomem/genblk1_7__U/I1[7]
                                1.36           1.16 f        -0.20  (VIOLATED)
   fifomem/genblk1_0__U/I1[0]
                                1.37           1.21 f        -0.16  (VIOLATED)
   fifomem/genblk1_0__U/I1[1]
                                1.37           1.21 f        -0.16  (VIOLATED)
   fifomem/genblk1_0__U/I1[2]
                                1.37           1.21 f        -0.16  (VIOLATED)
   fifomem/genblk1_0__U/I1[3]
                                1.37           1.21 f        -0.16  (VIOLATED)
   fifomem/genblk1_0__U/I1[4]
                                1.37           1.21 f        -0.16  (VIOLATED)
   fifomem/genblk1_0__U/I1[5]
                                1.37           1.21 f        -0.16  (VIOLATED)
   fifomem/genblk1_0__U/I1[6]
                                1.37           1.21 f        -0.16  (VIOLATED)
   fifomem/genblk1_1__U/I1[0]
                                1.37           1.21 f        -0.16  (VIOLATED)
   fifomem/genblk1_1__U/I1[1]
                                1.37           1.21 f        -0.16  (VIOLATED)
   fifomem/genblk1_1__U/I1[2]
                                1.37           1.21 f        -0.16  (VIOLATED)
   fifomem/genblk1_1__U/I1[3]
                                1.37           1.21 f        -0.16  (VIOLATED)
   fifomem/genblk1_1__U/I1[4]
                                1.37           1.21 f        -0.16  (VIOLATED)
   fifomem/genblk1_1__U/I1[5]
                                1.37           1.21 f        -0.16  (VIOLATED)
   fifomem/genblk1_1__U/I1[6]
                                1.37           1.21 f        -0.16  (VIOLATED)
   fifomem/genblk1_2__U/I1[0]
                                1.37           1.21 f        -0.16  (VIOLATED)
   fifomem/genblk1_2__U/I1[1]
                                1.37           1.21 f        -0.16  (VIOLATED)
   fifomem/genblk1_2__U/I1[2]
                                1.37           1.21 f        -0.16  (VIOLATED)
   fifomem/genblk1_2__U/I1[3]
                                1.37           1.21 f        -0.16  (VIOLATED)
   fifomem/genblk1_2__U/I1[4]
                                1.37           1.21 f        -0.16  (VIOLATED)
   fifomem/genblk1_2__U/I1[5]
                                1.37           1.21 f        -0.16  (VIOLATED)
   fifomem/genblk1_2__U/I1[6]
                                1.37           1.21 f        -0.16  (VIOLATED)
   fifomem/genblk1_3__U/I1[0]
                                1.37           1.21 f        -0.16  (VIOLATED)
   fifomem/genblk1_3__U/I1[1]
                                1.37           1.21 f        -0.16  (VIOLATED)
   fifomem/genblk1_3__U/I1[2]
                                1.37           1.21 f        -0.16  (VIOLATED)
   fifomem/genblk1_3__U/I1[3]
                                1.37           1.21 f        -0.16  (VIOLATED)
   fifomem/genblk1_3__U/I1[4]
                                1.37           1.21 f        -0.16  (VIOLATED)
   fifomem/genblk1_3__U/I1[5]
                                1.37           1.21 f        -0.16  (VIOLATED)
   fifomem/genblk1_3__U/I1[6]
                                1.37           1.21 f        -0.16  (VIOLATED)
   fifomem/genblk1_4__U/I1[0]
                                1.37           1.21 f        -0.16  (VIOLATED)
   fifomem/genblk1_4__U/I1[1]
                                1.37           1.21 f        -0.16  (VIOLATED)
   fifomem/genblk1_4__U/I1[2]
                                1.37           1.21 f        -0.16  (VIOLATED)
   fifomem/genblk1_4__U/I1[3]
                                1.37           1.21 f        -0.16  (VIOLATED)
   fifomem/genblk1_4__U/I1[4]
                                1.37           1.21 f        -0.16  (VIOLATED)
   fifomem/genblk1_4__U/I1[5]
                                1.37           1.21 f        -0.16  (VIOLATED)
   fifomem/genblk1_4__U/I1[6]
                                1.37           1.21 f        -0.16  (VIOLATED)
   fifomem/genblk1_5__U/I1[0]
                                1.37           1.21 f        -0.16  (VIOLATED)
   fifomem/genblk1_5__U/I1[1]
                                1.37           1.21 f        -0.16  (VIOLATED)
   fifomem/genblk1_5__U/I1[2]
                                1.37           1.21 f        -0.16  (VIOLATED)
   fifomem/genblk1_5__U/I1[3]
                                1.37           1.21 f        -0.16  (VIOLATED)
   fifomem/genblk1_5__U/I1[4]
                                1.37           1.21 f        -0.16  (VIOLATED)
   fifomem/genblk1_5__U/I1[5]
                                1.37           1.21 f        -0.16  (VIOLATED)
   fifomem/genblk1_5__U/I1[6]
                                1.37           1.21 f        -0.16  (VIOLATED)
   fifomem/genblk1_6__U/I1[0]
                                1.37           1.21 f        -0.16  (VIOLATED)
   fifomem/genblk1_6__U/I1[1]
                                1.37           1.21 f        -0.16  (VIOLATED)
   fifomem/genblk1_6__U/I1[2]
                                1.37           1.21 f        -0.16  (VIOLATED)
   fifomem/genblk1_6__U/I1[3]
                                1.37           1.21 f        -0.16  (VIOLATED)
   fifomem/genblk1_6__U/I1[4]
                                1.37           1.21 f        -0.16  (VIOLATED)
   fifomem/genblk1_6__U/I1[5]
                                1.37           1.21 f        -0.16  (VIOLATED)
   fifomem/genblk1_6__U/I1[6]
                                1.37           1.21 f        -0.16  (VIOLATED)
   fifomem/genblk1_7__U/I1[0]
                                1.37           1.21 f        -0.16  (VIOLATED)
   fifomem/genblk1_7__U/I1[1]
                                1.37           1.21 f        -0.16  (VIOLATED)
   fifomem/genblk1_7__U/I1[2]
                                1.37           1.21 f        -0.16  (VIOLATED)
   fifomem/genblk1_7__U/I1[3]
                                1.37           1.21 f        -0.16  (VIOLATED)
   fifomem/genblk1_7__U/I1[4]
                                1.37           1.21 f        -0.16  (VIOLATED)
   fifomem/genblk1_7__U/I1[5]
                                1.37           1.21 f        -0.16  (VIOLATED)
   fifomem/genblk1_7__U/I1[6]
                                1.37           1.21 f        -0.16  (VIOLATED)
   fifomem/genblk1_0__U/A1[4]
                                1.36           1.21 f        -0.16  (VIOLATED)
   fifomem/genblk1_1__U/A1[4]
                                1.36           1.21 f        -0.16  (VIOLATED)
   fifomem/genblk1_2__U/A1[4]
                                1.36           1.21 f        -0.16  (VIOLATED)
   fifomem/genblk1_3__U/A1[4]
                                1.36           1.21 f        -0.16  (VIOLATED)
   fifomem/genblk1_4__U/A1[4]
                                1.36           1.21 f        -0.16  (VIOLATED)
   fifomem/genblk1_5__U/A1[4]
                                1.36           1.21 f        -0.16  (VIOLATED)
   fifomem/genblk1_6__U/A1[4]
                                1.36           1.21 f        -0.16  (VIOLATED)
   fifomem/genblk1_7__U/A1[4]
                                1.36           1.21 f        -0.16  (VIOLATED)
   fifomem/genblk1_0__U/A1[3]
                                1.37           1.21 f        -0.16  (VIOLATED)
   fifomem/genblk1_1__U/A1[3]
                                1.37           1.21 f        -0.16  (VIOLATED)
   fifomem/genblk1_2__U/A1[3]
                                1.37           1.21 f        -0.16  (VIOLATED)
   fifomem/genblk1_3__U/A1[3]
                                1.37           1.21 f        -0.16  (VIOLATED)
   fifomem/genblk1_4__U/A1[3]
                                1.37           1.21 f        -0.16  (VIOLATED)
   fifomem/genblk1_5__U/A1[3]
                                1.37           1.21 f        -0.16  (VIOLATED)
   fifomem/genblk1_6__U/A1[3]
                                1.37           1.21 f        -0.16  (VIOLATED)
   fifomem/genblk1_7__U/A1[3]
                                1.37           1.21 f        -0.16  (VIOLATED)
   fifomem/genblk1_0__U/A1[2]
                                1.37           1.22 f        -0.14  (VIOLATED)
   fifomem/genblk1_1__U/A1[2]
                                1.37           1.22 f        -0.14  (VIOLATED)
   fifomem/genblk1_2__U/A1[2]
                                1.37           1.22 f        -0.14  (VIOLATED)
   fifomem/genblk1_3__U/A1[2]
                                1.37           1.22 f        -0.14  (VIOLATED)
   fifomem/genblk1_4__U/A1[2]
                                1.37           1.22 f        -0.14  (VIOLATED)
   fifomem/genblk1_5__U/A1[2]
                                1.37           1.22 f        -0.14  (VIOLATED)
   fifomem/genblk1_6__U/A1[2]
                                1.37           1.22 f        -0.14  (VIOLATED)
   fifomem/genblk1_7__U/A1[2]
                                1.37           1.22 f        -0.14  (VIOLATED)
   fifomem/genblk1_0__U/A1[5]
                                1.36           1.22 f        -0.14  (VIOLATED)
   fifomem/genblk1_1__U/A1[5]
                                1.36           1.22 f        -0.14  (VIOLATED)
   fifomem/genblk1_2__U/A1[5]
                                1.36           1.22 f        -0.14  (VIOLATED)
   fifomem/genblk1_3__U/A1[5]
                                1.36           1.22 f        -0.14  (VIOLATED)
   fifomem/genblk1_4__U/A1[5]
                                1.36           1.22 f        -0.14  (VIOLATED)
   fifomem/genblk1_5__U/A1[5]
                                1.36           1.22 f        -0.14  (VIOLATED)
   fifomem/genblk1_6__U/A1[5]
                                1.36           1.22 f        -0.14  (VIOLATED)
   fifomem/genblk1_7__U/A1[5]
                                1.36           1.22 f        -0.14  (VIOLATED)
   fifomem/genblk1_0__U/A1[0]
                                1.37           1.23 f        -0.14  (VIOLATED)
   fifomem/genblk1_1__U/A1[0]
                                1.37           1.23 f        -0.14  (VIOLATED)
   fifomem/genblk1_2__U/A1[0]
                                1.37           1.23 f        -0.14  (VIOLATED)
   fifomem/genblk1_3__U/A1[0]
                                1.37           1.23 f        -0.14  (VIOLATED)
   fifomem/genblk1_4__U/A1[0]
                                1.37           1.23 f        -0.14  (VIOLATED)
   fifomem/genblk1_5__U/A1[0]
                                1.37           1.23 f        -0.14  (VIOLATED)
   fifomem/genblk1_6__U/A1[0]
                                1.37           1.23 f        -0.14  (VIOLATED)
   fifomem/genblk1_7__U/A1[0]
                                1.37           1.23 f        -0.14  (VIOLATED)
   fifomem/genblk1_0__U/A1[6]
                                1.36           1.22 f        -0.14  (VIOLATED)
   fifomem/genblk1_1__U/A1[6]
                                1.36           1.22 f        -0.14  (VIOLATED)
   fifomem/genblk1_2__U/A1[6]
                                1.36           1.22 f        -0.14  (VIOLATED)
   fifomem/genblk1_3__U/A1[6]
                                1.36           1.22 f        -0.14  (VIOLATED)
   fifomem/genblk1_4__U/A1[6]
                                1.36           1.22 f        -0.14  (VIOLATED)
   fifomem/genblk1_5__U/A1[6]
                                1.36           1.22 f        -0.14  (VIOLATED)
   fifomem/genblk1_6__U/A1[6]
                                1.36           1.22 f        -0.14  (VIOLATED)
   fifomem/genblk1_7__U/A1[6]
                                1.36           1.22 f        -0.14  (VIOLATED)
   fifomem/genblk1_0__U/A1[1]
                                1.37           1.25 f        -0.12  (VIOLATED)
   fifomem/genblk1_1__U/A1[1]
                                1.37           1.25 f        -0.12  (VIOLATED)
   fifomem/genblk1_2__U/A1[1]
                                1.37           1.25 f        -0.12  (VIOLATED)
   fifomem/genblk1_3__U/A1[1]
                                1.37           1.25 f        -0.12  (VIOLATED)
   fifomem/genblk1_4__U/A1[1]
                                1.37           1.25 f        -0.12  (VIOLATED)
   fifomem/genblk1_5__U/A1[1]
                                1.37           1.25 f        -0.12  (VIOLATED)
   fifomem/genblk1_6__U/A1[1]
                                1.37           1.25 f        -0.12  (VIOLATED)
   fifomem/genblk1_7__U/A1[1]
                                1.37           1.25 f        -0.12  (VIOLATED)


   max_transition

                             Required        Actual
   Net                      Transition     Transition        Slack
   -----------------------------------------------------------------
   rempty                       0.50           0.89          -0.39  (VIOLATED)
       PORT :  rempty           0.50           0.89          -0.39  (VIOLATED)
   wfull                        0.50           0.89          -0.39  (VIOLATED)
       PORT :  wfull            0.50           0.89          -0.39  (VIOLATED)
   rdata[0]                     0.50           0.89          -0.39  (VIOLATED)
       PORT :  rdata[0]         0.50           0.89          -0.39  (VIOLATED)
   rdata[1]                     0.50           0.89          -0.39  (VIOLATED)
       PORT :  rdata[1]         0.50           0.89          -0.39  (VIOLATED)
   rdata[2]                     0.50           0.89          -0.39  (VIOLATED)
       PORT :  rdata[2]         0.50           0.89          -0.39  (VIOLATED)
   rdata[3]                     0.50           0.89          -0.39  (VIOLATED)
       PORT :  rdata[3]         0.50           0.89          -0.39  (VIOLATED)
   rdata[4]                     0.50           0.89          -0.39  (VIOLATED)
       PORT :  rdata[4]         0.50           0.89          -0.39  (VIOLATED)
   rdata[5]                     0.50           0.89          -0.39  (VIOLATED)
       PORT :  rdata[5]         0.50           0.89          -0.39  (VIOLATED)
   rdata[6]                     0.50           0.89          -0.39  (VIOLATED)
       PORT :  rdata[6]         0.50           0.89          -0.39  (VIOLATED)
   rdata[7]                     0.50           0.89          -0.39  (VIOLATED)
       PORT :  rdata[7]         0.50           0.89          -0.39  (VIOLATED)

   -----------------------------------------------------------------
   Total                      10                 -3.93  

   max_capacitance

                             Required        Actual
   Net                      Capacitance    Capacitance       Slack
   -----------------------------------------------------------------
   fifomem/n30                  0.03           0.51          -0.48  (VIOLATED)
   fifomem/n34                  0.03           0.51          -0.48  (VIOLATED)
   fifomem/n38                  0.03           0.51          -0.48  (VIOLATED)
   fifomem/n42                  0.03           0.51          -0.48  (VIOLATED)
   fifomem/n46                  0.03           0.51          -0.48  (VIOLATED)
   fifomem/n50                  0.03           0.51          -0.48  (VIOLATED)
   fifomem/n54                  0.03           0.51          -0.48  (VIOLATED)
   fifomem/n58                  0.03           0.51          -0.48  (VIOLATED)
   fifomem/n62                  0.03           0.51          -0.48  (VIOLATED)
   fifomem/n66                  0.03           0.51          -0.48  (VIOLATED)
   fifomem/n70                  0.03           0.51          -0.48  (VIOLATED)
   fifomem/n74                  0.03           0.51          -0.48  (VIOLATED)
   fifomem/n80                  0.03           0.51          -0.48  (VIOLATED)
   fifomem/n83                  0.03           0.51          -0.48  (VIOLATED)
   fifomem/n88                  0.03           0.51          -0.48  (VIOLATED)
   fifomem/n91                  0.03           0.51          -0.48  (VIOLATED)
   fifomem/n32                  0.03           0.49          -0.47  (VIOLATED)
   fifomem/n36                  0.03           0.49          -0.47  (VIOLATED)
   fifomem/n40                  0.03           0.49          -0.47  (VIOLATED)
   fifomem/n44                  0.03           0.49          -0.47  (VIOLATED)
   fifomem/n48                  0.03           0.49          -0.47  (VIOLATED)
   fifomem/n52                  0.03           0.49          -0.47  (VIOLATED)
   fifomem/n56                  0.03           0.49          -0.47  (VIOLATED)
   fifomem/n60                  0.03           0.49          -0.47  (VIOLATED)
   fifomem/n64                  0.03           0.49          -0.47  (VIOLATED)
   fifomem/n68                  0.03           0.49          -0.47  (VIOLATED)
   fifomem/n72                  0.03           0.49          -0.47  (VIOLATED)
   fifomem/n76                  0.03           0.49          -0.47  (VIOLATED)
   fifomem/n78                  0.03           0.49          -0.47  (VIOLATED)
   fifomem/n79                  0.03           0.49          -0.47  (VIOLATED)
   fifomem/n86                  0.03           0.49          -0.47  (VIOLATED)
   fifomem/n87                  0.03           0.49          -0.47  (VIOLATED)
   fifomem/n29                  0.03           0.48          -0.46  (VIOLATED)
   fifomem/n33                  0.03           0.48          -0.46  (VIOLATED)
   fifomem/n37                  0.03           0.48          -0.46  (VIOLATED)
   fifomem/n41                  0.03           0.48          -0.46  (VIOLATED)
   fifomem/n45                  0.03           0.48          -0.46  (VIOLATED)
   fifomem/n49                  0.03           0.48          -0.46  (VIOLATED)
   fifomem/n53                  0.03           0.48          -0.46  (VIOLATED)
   fifomem/n57                  0.03           0.48          -0.46  (VIOLATED)
   fifomem/n61                  0.03           0.48          -0.46  (VIOLATED)
   fifomem/n65                  0.03           0.48          -0.46  (VIOLATED)
   fifomem/n69                  0.03           0.48          -0.46  (VIOLATED)
   fifomem/n73                  0.03           0.48          -0.46  (VIOLATED)
   fifomem/n77                  0.03           0.48          -0.46  (VIOLATED)
   fifomem/n81                  0.03           0.48          -0.46  (VIOLATED)
   fifomem/n85                  0.03           0.48          -0.46  (VIOLATED)
   fifomem/n89                  0.03           0.48          -0.46  (VIOLATED)
   fifomem/n31                  0.03           0.47          -0.45  (VIOLATED)
   fifomem/n35                  0.03           0.47          -0.45  (VIOLATED)
   fifomem/n39                  0.03           0.47          -0.45  (VIOLATED)
   fifomem/n43                  0.03           0.47          -0.45  (VIOLATED)
   fifomem/n47                  0.03           0.47          -0.45  (VIOLATED)
   fifomem/n51                  0.03           0.47          -0.45  (VIOLATED)
   fifomem/n55                  0.03           0.47          -0.45  (VIOLATED)
   fifomem/n59                  0.03           0.47          -0.45  (VIOLATED)
   fifomem/n63                  0.03           0.47          -0.45  (VIOLATED)
   fifomem/n67                  0.03           0.47          -0.45  (VIOLATED)
   fifomem/n71                  0.03           0.47          -0.45  (VIOLATED)
   fifomem/n75                  0.03           0.47          -0.45  (VIOLATED)
   fifomem/n82                  0.03           0.47          -0.45  (VIOLATED)
   fifomem/n84                  0.03           0.47          -0.45  (VIOLATED)
   fifomem/n90                  0.03           0.47          -0.45  (VIOLATED)
   fifomem/n92                  0.03           0.47          -0.45  (VIOLATED)

   -----------------------------------------------------------------
   Total                      64                -29.73  

   max_leakage_power

                             Required        Actual
   Design                   Leakage Power  Leakage Power     Slack
   -----------------------------------------------------------------
   fifo1_sramb                  0.00       1146920448.00  -1146920448.00
                                                                    (VIOLATED)


1
